1591030556401	mozrunner::runner	INFO	Running command: "/usr/bin/firefox" "-marionette" "-headless" "-foreground" "-no-remote" "-profile" "/tmp/rust_mozprofile0M9DbL"
Running Firefox as root in a regular user's session is not supported.  ($HOME is /home/ewong347 which is owned by ewong347.)
1591030648014	mozrunner::runner	INFO	Running command: "/usr/bin/firefox" "-marionette" "-headless" "-foreground" "-no-remote" "-profile" "/tmp/rust_mozprofileVNfKcm"
*** You are running in headless mode.
1591030648393	addons.webextension.doh-rollout@mozilla.org	WARN	Loading extension 'doh-rollout@mozilla.org': Reading manifest: Invalid extension permission: networkStatus
1591030648412	addons.webextension.screenshots@mozilla.org	WARN	Loading extension 'screenshots@mozilla.org': Reading manifest: Invalid extension permission: mozillaAddons
1591030648412	addons.webextension.screenshots@mozilla.org	WARN	Loading extension 'screenshots@mozilla.org': Reading manifest: Invalid extension permission: telemetry
1591030648412	addons.webextension.screenshots@mozilla.org	WARN	Loading extension 'screenshots@mozilla.org': Reading manifest: Invalid extension permission: resource://pdf.js/
1591030648412	addons.webextension.screenshots@mozilla.org	WARN	Loading extension 'screenshots@mozilla.org': Reading manifest: Invalid extension permission: about:reader*
1591030650155	Marionette	INFO	Listening on port 37844
1591030650263	Marionette	WARN	TLS certificate errors will be ignored for this session

(firefox:31205): GLib-GObject-CRITICAL **: g_object_get: assertion 'G_IS_OBJECT (object)' failed
1591030702128	Marionette	INFO	Stopped listening on port 37844
1591034008389	mozrunner::runner	INFO	Running command: "/usr/bin/firefox" "-marionette" "-headless" "-foreground" "-no-remote" "-profile" "/tmp/rust_mozprofileQGQbi4"
*** You are running in headless mode.
1591034008771	addons.webextension.doh-rollout@mozilla.org	WARN	Loading extension 'doh-rollout@mozilla.org': Reading manifest: Invalid extension permission: networkStatus
1591034008793	addons.webextension.screenshots@mozilla.org	WARN	Loading extension 'screenshots@mozilla.org': Reading manifest: Invalid extension permission: mozillaAddons
1591034008793	addons.webextension.screenshots@mozilla.org	WARN	Loading extension 'screenshots@mozilla.org': Reading manifest: Invalid extension permission: telemetry
1591034008793	addons.webextension.screenshots@mozilla.org	WARN	Loading extension 'screenshots@mozilla.org': Reading manifest: Invalid extension permission: resource://pdf.js/
1591034008793	addons.webextension.screenshots@mozilla.org	WARN	Loading extension 'screenshots@mozilla.org': Reading manifest: Invalid extension permission: about:reader*
1591034010224	Marionette	INFO	Listening on port 44894
1591034010297	Marionette	WARN	TLS certificate errors will be ignored for this session

(firefox:32359): GLib-GObject-CRITICAL **: g_object_get: assertion 'G_IS_OBJECT (object)' failed
1591034062166	Marionette	INFO	Stopped listening on port 44894
